2024-05-22T09:53:39.047+10:00  INFO 14000 --- [todo] [restartedMain] com.projects.todo.TodoApplication        : Starting TodoApplication using Java 22.0.1 with PID 14000 (C:\Users\ammar\Nology\zambia\Projects\todo\target\classes started by ammara in C:\Users\ammar\Nology\zambia\Projects\todo)
2024-05-22T09:53:39.084+10:00  INFO 14000 --- [todo] [restartedMain] com.projects.todo.TodoApplication        : No active profile set, falling back to 1 default profile: "default"
2024-05-22T09:53:39.703+10:00  INFO 14000 --- [todo] [restartedMain] .e.DevToolsPropertyDefaultsPostProcessor : Devtools property defaults active! Set 'spring.devtools.add-properties' to 'false' to disable
2024-05-22T09:53:39.754+10:00  INFO 14000 --- [todo] [restartedMain] .e.DevToolsPropertyDefaultsPostProcessor : For additional web related logging consider setting the 'logging.level.web' property to 'DEBUG'
2024-05-22T09:53:46.298+10:00  INFO 14000 --- [todo] [restartedMain] .s.d.r.c.RepositoryConfigurationDelegate : Bootstrapping Spring Data JPA repositories in DEFAULT mode.
2024-05-22T09:53:46.451+10:00  INFO 14000 --- [todo] [restartedMain] .s.d.r.c.RepositoryConfigurationDelegate : Finished Spring Data repository scanning in 91 ms. Found 0 JPA repository interfaces.
2024-05-22T09:53:50.163+10:00  INFO 14000 --- [todo] [restartedMain] o.s.b.w.embedded.tomcat.TomcatWebServer  : Tomcat initialized with port 8080 (http)
2024-05-22T09:53:50.258+10:00  INFO 14000 --- [todo] [restartedMain] o.apache.catalina.core.StandardService   : Starting service [Tomcat]
2024-05-22T09:53:50.261+10:00  INFO 14000 --- [todo] [restartedMain] o.apache.catalina.core.StandardEngine    : Starting Servlet engine: [Apache Tomcat/10.1.20]
2024-05-22T09:53:50.762+10:00  INFO 14000 --- [todo] [restartedMain] o.a.c.c.C.[Tomcat].[localhost].[/]       : Initializing Spring embedded WebApplicationContext
2024-05-22T09:53:50.764+10:00  INFO 14000 --- [todo] [restartedMain] w.s.c.ServletWebServerApplicationContext : Root WebApplicationContext: initialization completed in 11000 ms
2024-05-22T09:53:52.034+10:00  INFO 14000 --- [todo] [restartedMain] o.hibernate.jpa.internal.util.LogHelper  : HHH000204: Processing PersistenceUnitInfo [name: default]
2024-05-22T09:53:52.508+10:00  INFO 14000 --- [todo] [restartedMain] org.hibernate.Version                    : HHH000412: Hibernate ORM core version 6.4.4.Final
2024-05-22T09:53:52.766+10:00  INFO 14000 --- [todo] [restartedMain] o.h.c.internal.RegionFactoryInitiator    : HHH000026: Second-level cache disabled
2024-05-22T09:53:54.379+10:00  INFO 14000 --- [todo] [restartedMain] o.s.o.j.p.SpringPersistenceUnitInfo      : No LoadTimeWeaver setup: ignoring JPA class transformer
2024-05-22T09:53:54.588+10:00  INFO 14000 --- [todo] [restartedMain] com.zaxxer.hikari.HikariDataSource       : HikariPool-1 - Starting...
2024-05-22T09:53:57.193+10:00  INFO 14000 --- [todo] [restartedMain] com.zaxxer.hikari.pool.HikariPool        : HikariPool-1 - Added connection com.mysql.cj.jdbc.ConnectionImpl@2d06d05b
2024-05-22T09:53:57.211+10:00  INFO 14000 --- [todo] [restartedMain] com.zaxxer.hikari.HikariDataSource       : HikariPool-1 - Start completed.
2024-05-22T09:53:59.616+10:00  INFO 14000 --- [todo] [restartedMain] o.h.e.t.j.p.i.JtaPlatformInitiator       : HHH000489: No JTA platform available (set 'hibernate.transaction.jta.platform' to enable JTA platform integration)
2024-05-22T09:53:59.654+10:00  INFO 14000 --- [todo] [restartedMain] j.LocalContainerEntityManagerFactoryBean : Initialized JPA EntityManagerFactory for persistence unit 'default'
2024-05-22T09:53:59.995+10:00  WARN 14000 --- [todo] [restartedMain] ConfigServletWebServerApplicationContext : Exception encountered during context initialization - cancelling refresh attempt: org.springframework.beans.factory.UnsatisfiedDependencyException: Error creating bean with name 'taskController': Unsatisfied dependency expressed through field 'taskService': Error creating bean with name 'taskService': Unsatisfied dependency expressed through field 'repo': No qualifying bean of type 'com.projects.todo.task.TaskRepository' available: expected at least 1 bean which qualifies as autowire candidate. Dependency annotations: {@org.springframework.beans.factory.annotation.Autowired(required=true)}
2024-05-22T09:53:59.998+10:00  INFO 14000 --- [todo] [restartedMain] j.LocalContainerEntityManagerFactoryBean : Closing JPA EntityManagerFactory for persistence unit 'default'
2024-05-22T09:54:00.020+10:00  INFO 14000 --- [todo] [restartedMain] com.zaxxer.hikari.HikariDataSource       : HikariPool-1 - Shutdown initiated...
2024-05-22T09:54:00.118+10:00  INFO 14000 --- [todo] [restartedMain] com.zaxxer.hikari.HikariDataSource       : HikariPool-1 - Shutdown completed.
2024-05-22T09:54:00.126+10:00  INFO 14000 --- [todo] [restartedMain] o.apache.catalina.core.StandardService   : Stopping service [Tomcat]
2024-05-22T09:54:00.246+10:00  INFO 14000 --- [todo] [restartedMain] .s.b.a.l.ConditionEvaluationReportLogger : 

Error starting ApplicationContext. To display the condition evaluation report re-run your application with 'debug' enabled.
2024-05-22T09:54:00.443+10:00 ERROR 14000 --- [todo] [restartedMain] o.s.b.d.LoggingFailureAnalysisReporter   : 

***************************
APPLICATION FAILED TO START
***************************

Description:

Field repo in com.projects.todo.task.TaskService required a bean of type 'com.projects.todo.task.TaskRepository' that could not be found.

The injection point has the following annotations:
	- @org.springframework.beans.factory.annotation.Autowired(required=true)


Action:

Consider defining a bean of type 'com.projects.todo.task.TaskRepository' in your configuration.

2024-05-22T09:54:09.976+10:00  INFO 10384 --- [todo] [restartedMain] com.projects.todo.TodoApplication        : Starting TodoApplication using Java 22.0.1 with PID 10384 (C:\Users\ammar\Nology\zambia\Projects\todo\target\classes started by ammara in C:\Users\ammar\Nology\zambia\Projects\todo)
2024-05-22T09:54:09.994+10:00  INFO 10384 --- [todo] [restartedMain] com.projects.todo.TodoApplication        : No active profile set, falling back to 1 default profile: "default"
2024-05-22T09:54:10.264+10:00  INFO 10384 --- [todo] [restartedMain] .e.DevToolsPropertyDefaultsPostProcessor : Devtools property defaults active! Set 'spring.devtools.add-properties' to 'false' to disable
2024-05-22T09:54:10.266+10:00  INFO 10384 --- [todo] [restartedMain] .e.DevToolsPropertyDefaultsPostProcessor : For additional web related logging consider setting the 'logging.level.web' property to 'DEBUG'
2024-05-22T09:54:14.610+10:00  INFO 10384 --- [todo] [restartedMain] .s.d.r.c.RepositoryConfigurationDelegate : Bootstrapping Spring Data JPA repositories in DEFAULT mode.
2024-05-22T09:54:15.082+10:00  INFO 10384 --- [todo] [restartedMain] .s.d.r.c.RepositoryConfigurationDelegate : Finished Spring Data repository scanning in 272 ms. Found 1 JPA repository interface.
2024-05-22T09:54:18.535+10:00  INFO 10384 --- [todo] [restartedMain] o.s.b.w.embedded.tomcat.TomcatWebServer  : Tomcat initialized with port 8080 (http)
2024-05-22T09:54:18.614+10:00  INFO 10384 --- [todo] [restartedMain] o.apache.catalina.core.StandardService   : Starting service [Tomcat]
2024-05-22T09:54:18.621+10:00  INFO 10384 --- [todo] [restartedMain] o.apache.catalina.core.StandardEngine    : Starting Servlet engine: [Apache Tomcat/10.1.20]
2024-05-22T09:54:18.931+10:00  INFO 10384 --- [todo] [restartedMain] o.a.c.c.C.[Tomcat].[localhost].[/]       : Initializing Spring embedded WebApplicationContext
2024-05-22T09:54:18.933+10:00  INFO 10384 --- [todo] [restartedMain] w.s.c.ServletWebServerApplicationContext : Root WebApplicationContext: initialization completed in 8658 ms
2024-05-22T09:54:19.796+10:00  INFO 10384 --- [todo] [restartedMain] o.hibernate.jpa.internal.util.LogHelper  : HHH000204: Processing PersistenceUnitInfo [name: default]
2024-05-22T09:54:20.270+10:00  INFO 10384 --- [todo] [restartedMain] org.hibernate.Version                    : HHH000412: Hibernate ORM core version 6.4.4.Final
2024-05-22T09:54:20.558+10:00  INFO 10384 --- [todo] [restartedMain] o.h.c.internal.RegionFactoryInitiator    : HHH000026: Second-level cache disabled
2024-05-22T09:54:22.194+10:00  INFO 10384 --- [todo] [restartedMain] o.s.o.j.p.SpringPersistenceUnitInfo      : No LoadTimeWeaver setup: ignoring JPA class transformer
2024-05-22T09:54:22.396+10:00  INFO 10384 --- [todo] [restartedMain] com.zaxxer.hikari.HikariDataSource       : HikariPool-1 - Starting...
2024-05-22T09:54:24.238+10:00  INFO 10384 --- [todo] [restartedMain] com.zaxxer.hikari.pool.HikariPool        : HikariPool-1 - Added connection com.mysql.cj.jdbc.ConnectionImpl@b6138b1
2024-05-22T09:54:24.251+10:00  INFO 10384 --- [todo] [restartedMain] com.zaxxer.hikari.HikariDataSource       : HikariPool-1 - Start completed.
2024-05-22T09:54:29.074+10:00  INFO 10384 --- [todo] [restartedMain] o.h.e.t.j.p.i.JtaPlatformInitiator       : HHH000489: No JTA platform available (set 'hibernate.transaction.jta.platform' to enable JTA platform integration)
2024-05-22T09:54:29.432+10:00  INFO 10384 --- [todo] [restartedMain] j.LocalContainerEntityManagerFactoryBean : Initialized JPA EntityManagerFactory for persistence unit 'default'
2024-05-22T09:54:31.317+10:00  WARN 10384 --- [todo] [restartedMain] JpaBaseConfiguration$JpaWebConfiguration : spring.jpa.open-in-view is enabled by default. Therefore, database queries may be performed during view rendering. Explicitly configure spring.jpa.open-in-view to disable this warning
2024-05-22T09:54:35.035+10:00  INFO 10384 --- [todo] [restartedMain] o.s.b.d.a.OptionalLiveReloadServer       : LiveReload server is running on port 35729
2024-05-22T09:54:35.318+10:00  INFO 10384 --- [todo] [restartedMain] o.s.b.w.embedded.tomcat.TomcatWebServer  : Tomcat started on port 8080 (http) with context path ''
2024-05-22T09:54:35.438+10:00  INFO 10384 --- [todo] [restartedMain] com.projects.todo.TodoApplication        : Started TodoApplication in 27.86 seconds (process running for 30.182)
2024-05-22T09:54:46.123+10:00  INFO 10384 --- [todo] [http-nio-8080-exec-2] o.a.c.c.C.[Tomcat].[localhost].[/]       : Initializing Spring DispatcherServlet 'dispatcherServlet'
2024-05-22T09:54:46.125+10:00  INFO 10384 --- [todo] [http-nio-8080-exec-2] o.s.web.servlet.DispatcherServlet        : Initializing Servlet 'dispatcherServlet'
2024-05-22T09:54:46.132+10:00  INFO 10384 --- [todo] [http-nio-8080-exec-2] o.s.web.servlet.DispatcherServlet        : Completed initialization in 5 ms
2024-05-22T09:54:47.384+10:00  INFO 10384 --- [todo] [http-nio-8080-exec-2] com.projects.todo.task.TaskController    : Getting All Tasks
2024-05-22T09:54:47.763+10:00  INFO 10384 --- [todo] [http-nio-8080-exec-3] com.projects.todo.task.TaskController    : Getting All Tasks
2024-05-22T10:01:26.744+10:00  INFO 10384 --- [todo] [http-nio-8080-exec-10] com.projects.todo.task.TaskController    : Getting All Tasks
2024-05-22T10:01:29.694+10:00  INFO 10384 --- [todo] [http-nio-8080-exec-1] com.projects.todo.task.TaskController    : Getting All Tasks
2024-05-22T10:02:02.737+10:00  INFO 10384 --- [todo] [http-nio-8080-exec-5] com.projects.todo.task.TaskController    : Getting All Tasks
2024-05-22T10:04:02.839+10:00  INFO 10384 --- [todo] [http-nio-8080-exec-2] com.projects.todo.task.TaskController    : Getting All Tasks
2024-05-22T10:04:28.811+10:00  INFO 10384 --- [todo] [http-nio-8080-exec-6] com.projects.todo.task.TaskController    : Getting All Tasks
2024-05-22T10:04:37.917+10:00  INFO 10384 --- [todo] [http-nio-8080-exec-10] com.projects.todo.task.TaskController    : Getting All Tasks
2024-05-22T10:04:37.955+10:00  INFO 10384 --- [todo] [http-nio-8080-exec-4] com.projects.todo.task.TaskController    : Getting All Tasks
2024-05-22T10:07:10.095+10:00  INFO 10384 --- [todo] [http-nio-8080-exec-9] com.projects.todo.task.TaskController    : Getting All Tasks
2024-05-22T10:07:10.152+10:00  INFO 10384 --- [todo] [http-nio-8080-exec-5] com.projects.todo.task.TaskController    : Getting All Tasks
2024-05-22T10:09:56.405+10:00  INFO 10384 --- [todo] [http-nio-8080-exec-2] com.projects.todo.task.TaskController    : Getting All Tasks
2024-05-22T10:09:56.514+10:00  INFO 10384 --- [todo] [http-nio-8080-exec-3] com.projects.todo.task.TaskController    : Getting All Tasks
2024-05-22T10:10:02.395+10:00  INFO 10384 --- [todo] [http-nio-8080-exec-7] com.projects.todo.task.TaskController    : Getting All Tasks
2024-05-22T10:10:02.517+10:00  INFO 10384 --- [todo] [http-nio-8080-exec-7] com.projects.todo.task.TaskController    : Getting All Tasks
2024-05-22T10:14:51.949+10:00  INFO 10384 --- [todo] [http-nio-8080-exec-9] com.projects.todo.task.TaskController    : Getting All Tasks
2024-05-22T10:14:52.041+10:00  INFO 10384 --- [todo] [http-nio-8080-exec-5] com.projects.todo.task.TaskController    : Getting All Tasks
2024-05-22T10:15:22.568+10:00  INFO 10384 --- [todo] [http-nio-8080-exec-3] com.projects.todo.task.TaskController    : Getting All Tasks
2024-05-22T10:15:22.891+10:00  INFO 10384 --- [todo] [http-nio-8080-exec-6] com.projects.todo.task.TaskController    : Getting All Tasks
2024-05-22T10:15:31.867+10:00  INFO 10384 --- [todo] [http-nio-8080-exec-1] com.projects.todo.task.TaskController    : Getting All Tasks
2024-05-22T10:15:32.004+10:00  INFO 10384 --- [todo] [http-nio-8080-exec-7] com.projects.todo.task.TaskController    : Getting All Tasks
2024-05-22T10:16:02.674+10:00  INFO 10384 --- [todo] [http-nio-8080-exec-5] com.projects.todo.task.TaskController    : Getting All Tasks
2024-05-22T10:16:02.766+10:00  INFO 10384 --- [todo] [http-nio-8080-exec-8] com.projects.todo.task.TaskController    : Getting All Tasks
2024-05-22T10:16:32.272+10:00  INFO 10384 --- [todo] [http-nio-8080-exec-3] com.projects.todo.task.TaskController    : Getting All Tasks
2024-05-22T10:16:32.442+10:00  INFO 10384 --- [todo] [http-nio-8080-exec-6] com.projects.todo.task.TaskController    : Getting All Tasks
2024-05-22T10:18:20.863+10:00  INFO 10384 --- [todo] [http-nio-8080-exec-1] com.projects.todo.task.TaskController    : Getting All Tasks
2024-05-22T10:18:20.941+10:00  INFO 10384 --- [todo] [http-nio-8080-exec-7] com.projects.todo.task.TaskController    : Getting All Tasks
2024-05-22T10:19:03.896+10:00  INFO 10384 --- [todo] [http-nio-8080-exec-9] com.projects.todo.task.TaskController    : Getting All Tasks
2024-05-22T10:19:04.006+10:00  INFO 10384 --- [todo] [http-nio-8080-exec-5] com.projects.todo.task.TaskController    : Getting All Tasks
2024-05-22T10:19:26.807+10:00  INFO 10384 --- [todo] [http-nio-8080-exec-2] com.projects.todo.task.TaskController    : Getting All Tasks
2024-05-22T10:19:26.848+10:00  INFO 10384 --- [todo] [http-nio-8080-exec-3] com.projects.todo.task.TaskController    : Getting All Tasks
2024-05-22T10:21:30.715+10:00  INFO 10384 --- [todo] [http-nio-8080-exec-10] com.projects.todo.task.TaskController    : Getting All Tasks
2024-05-22T10:21:30.777+10:00  INFO 10384 --- [todo] [http-nio-8080-exec-1] com.projects.todo.task.TaskController    : Getting All Tasks
2024-05-22T10:22:47.843+10:00  INFO 10384 --- [todo] [http-nio-8080-exec-4] com.projects.todo.task.TaskController    : Getting All Tasks
2024-05-22T10:22:47.897+10:00  INFO 10384 --- [todo] [http-nio-8080-exec-9] com.projects.todo.task.TaskController    : Getting All Tasks
2024-05-22T10:24:39.833+10:00  INFO 10384 --- [todo] [http-nio-8080-exec-8] com.projects.todo.task.TaskController    : Getting All Tasks
2024-05-22T10:24:59.975+10:00  INFO 10384 --- [todo] [http-nio-8080-exec-3] com.projects.todo.task.TaskController    : Getting All Tasks
2024-05-22T10:25:14.602+10:00  INFO 10384 --- [todo] [http-nio-8080-exec-10] com.projects.todo.task.TaskController    : Getting All Tasks
2024-05-22T10:27:17.854+10:00  INFO 10384 --- [todo] [http-nio-8080-exec-7] com.projects.todo.task.TaskController    : Getting All Tasks
2024-05-22T10:27:30.009+10:00  INFO 10384 --- [todo] [http-nio-8080-exec-9] com.projects.todo.task.TaskController    : Getting All Tasks
2024-05-22T10:27:39.814+10:00  INFO 10384 --- [todo] [http-nio-8080-exec-8] com.projects.todo.task.TaskController    : Getting All Tasks
2024-05-22T10:28:01.931+10:00  INFO 10384 --- [todo] [http-nio-8080-exec-2] com.projects.todo.task.TaskController    : Getting All Tasks
2024-05-22T10:28:56.943+10:00  INFO 10384 --- [todo] [http-nio-8080-exec-3] com.projects.todo.task.TaskController    : Getting All Tasks
2024-05-22T10:29:10.809+10:00  INFO 10384 --- [todo] [http-nio-8080-exec-6] com.projects.todo.task.TaskController    : Getting All Tasks
2024-05-22T10:29:14.679+10:00  INFO 10384 --- [todo] [http-nio-8080-exec-10] com.projects.todo.task.TaskController    : Getting All Tasks
2024-05-22T10:29:35.376+10:00  INFO 10384 --- [todo] [http-nio-8080-exec-1] com.projects.todo.task.TaskController    : Getting All Tasks
2024-05-22T10:29:38.635+10:00  INFO 10384 --- [todo] [http-nio-8080-exec-7] com.projects.todo.task.TaskController    : Getting All Tasks
2024-05-22T10:31:01.853+10:00  INFO 10384 --- [todo] [http-nio-8080-exec-9] com.projects.todo.task.TaskController    : Getting All Tasks
2024-05-22T10:31:34.776+10:00  INFO 10384 --- [todo] [http-nio-8080-exec-5] com.projects.todo.task.TaskController    : Getting All Tasks
2024-05-22T10:31:36.978+10:00  INFO 10384 --- [todo] [http-nio-8080-exec-8] com.projects.todo.task.TaskController    : Getting All Tasks
2024-05-22T10:31:47.805+10:00  INFO 10384 --- [todo] [http-nio-8080-exec-2] com.projects.todo.task.TaskController    : Getting All Tasks
2024-05-22T10:31:50.792+10:00  INFO 10384 --- [todo] [http-nio-8080-exec-3] com.projects.todo.task.TaskController    : Getting All Tasks
2024-05-22T10:32:15.881+10:00  INFO 10384 --- [todo] [http-nio-8080-exec-6] com.projects.todo.task.TaskController    : Getting All Tasks
2024-05-22T10:35:42.486+10:00  INFO 10384 --- [todo] [http-nio-8080-exec-1] com.projects.todo.task.TaskController    : Getting All Tasks
2024-05-22T10:35:49.415+10:00  INFO 10384 --- [todo] [http-nio-8080-exec-4] com.projects.todo.task.TaskController    : Getting All Tasks
2024-05-22T10:36:12.884+10:00  INFO 10384 --- [todo] [http-nio-8080-exec-5] com.projects.todo.task.TaskController    : Getting All Tasks
2024-05-22T10:36:19.050+10:00  INFO 10384 --- [todo] [http-nio-8080-exec-2] com.projects.todo.task.TaskController    : Getting All Tasks
2024-05-22T10:37:01.823+10:00  INFO 10384 --- [todo] [http-nio-8080-exec-6] com.projects.todo.task.TaskController    : Getting All Tasks
2024-05-22T10:37:11.388+10:00  INFO 10384 --- [todo] [http-nio-8080-exec-1] com.projects.todo.task.TaskController    : Getting All Tasks
2024-05-22T10:37:39.337+10:00  INFO 10384 --- [todo] [http-nio-8080-exec-4] com.projects.todo.task.TaskController    : Getting All Tasks
2024-05-22T10:37:56.225+10:00  INFO 10384 --- [todo] [http-nio-8080-exec-5] com.projects.todo.task.TaskController    : Getting All Tasks
2024-05-22T10:38:24.723+10:00  INFO 10384 --- [todo] [http-nio-8080-exec-2] com.projects.todo.task.TaskController    : Getting All Tasks
2024-05-22T10:39:22.959+10:00  INFO 10384 --- [todo] [http-nio-8080-exec-6] com.projects.todo.task.TaskController    : Getting All Tasks
2024-05-22T10:39:48.460+10:00  INFO 10384 --- [todo] [http-nio-8080-exec-1] com.projects.todo.task.TaskController    : Getting All Tasks
2024-05-22T10:39:55.057+10:00  INFO 10384 --- [todo] [http-nio-8080-exec-7] com.projects.todo.task.TaskController    : Getting All Tasks
2024-05-22T10:40:59.007+10:00  INFO 10384 --- [todo] [http-nio-8080-exec-9] com.projects.todo.task.TaskController    : Getting All Tasks
2024-05-22T10:41:35.806+10:00  INFO 10384 --- [todo] [http-nio-8080-exec-8] com.projects.todo.task.TaskController    : Getting All Tasks
2024-05-22T10:41:46.020+10:00  INFO 10384 --- [todo] [http-nio-8080-exec-3] com.projects.todo.task.TaskController    : Getting All Tasks
2024-05-22T10:42:04.544+10:00  INFO 10384 --- [todo] [http-nio-8080-exec-10] com.projects.todo.task.TaskController    : Getting All Tasks
2024-05-22T10:47:24.612+10:00  INFO 10384 --- [todo] [http-nio-8080-exec-7] com.projects.todo.task.TaskController    : Getting All Tasks
2024-05-22T10:48:15.845+10:00  INFO 10384 --- [todo] [http-nio-8080-exec-9] com.projects.todo.task.TaskController    : Getting All Tasks
2024-05-22T10:48:15.878+10:00  INFO 10384 --- [todo] [http-nio-8080-exec-5] com.projects.todo.task.TaskController    : Getting All Tasks
2024-05-22T10:51:54.963+10:00  INFO 10384 --- [todo] [http-nio-8080-exec-2] com.projects.todo.task.TaskController    : Getting All Tasks
2024-05-22T10:52:16.393+10:00  INFO 10384 --- [todo] [http-nio-8080-exec-6] com.projects.todo.task.TaskController    : Getting All Tasks
2024-05-22T10:52:26.445+10:00  INFO 10384 --- [todo] [http-nio-8080-exec-1] com.projects.todo.task.TaskController    : Getting All Tasks
2024-05-22T10:53:16.250+10:00  INFO 10384 --- [todo] [http-nio-8080-exec-4] com.projects.todo.task.TaskController    : Getting All Tasks
2024-05-22T10:53:49.838+10:00  INFO 10384 --- [todo] [http-nio-8080-exec-5] com.projects.todo.task.TaskController    : Getting All Tasks
2024-05-22T10:57:55.087+10:00  INFO 10384 --- [todo] [http-nio-8080-exec-3] com.projects.todo.task.TaskController    : Updating Task with id 7
2024-05-22T11:14:20.813+10:00  INFO 10384 --- [todo] [http-nio-8080-exec-10] com.projects.todo.task.TaskController    : Getting All Tasks
2024-05-22T11:14:30.833+10:00  INFO 10384 --- [todo] [http-nio-8080-exec-7] com.projects.todo.task.TaskController    : Getting All Tasks
2024-05-22T11:16:40.730+10:00  INFO 10384 --- [todo] [http-nio-8080-exec-9] com.projects.todo.task.TaskController    : Getting All Tasks
2024-05-22T11:16:44.576+10:00  INFO 10384 --- [todo] [http-nio-8080-exec-8] com.projects.todo.task.TaskController    : Getting All Tasks
2024-05-22T11:17:22.851+10:00  INFO 10384 --- [todo] [http-nio-8080-exec-3] com.projects.todo.task.TaskController    : Getting All Tasks
2024-05-22T11:17:40.827+10:00  INFO 10384 --- [todo] [http-nio-8080-exec-10] com.projects.todo.task.TaskController    : Getting All Tasks
2024-05-22T11:17:45.067+10:00  INFO 10384 --- [todo] [http-nio-8080-exec-1] com.projects.todo.task.TaskController    : Getting All Tasks
2024-05-22T11:18:43.845+10:00  INFO 10384 --- [todo] [http-nio-8080-exec-4] com.projects.todo.task.TaskController    : Getting All Tasks
2024-05-22T11:18:58.832+10:00  INFO 10384 --- [todo] [http-nio-8080-exec-5] com.projects.todo.task.TaskController    : Getting All Tasks
2024-05-22T11:19:24.808+10:00  INFO 10384 --- [todo] [http-nio-8080-exec-2] com.projects.todo.task.TaskController    : Getting All Tasks
2024-05-22T11:19:29.201+10:00  INFO 10384 --- [todo] [http-nio-8080-exec-3] com.projects.todo.task.TaskController    : Getting All Tasks
2024-05-22T11:23:51.889+10:00  INFO 10384 --- [todo] [http-nio-8080-exec-10] com.projects.todo.task.TaskController    : Getting All Tasks
2024-05-22T11:24:02.227+10:00  INFO 10384 --- [todo] [http-nio-8080-exec-7] com.projects.todo.task.TaskController    : Getting All Tasks
2024-05-22T11:24:06.927+10:00  INFO 10384 --- [todo] [http-nio-8080-exec-9] com.projects.todo.task.TaskController    : Getting All Tasks
2024-05-22T11:24:17.691+10:00  INFO 10384 --- [todo] [http-nio-8080-exec-8] com.projects.todo.task.TaskController    : Getting All Tasks
2024-05-22T11:24:25.966+10:00  INFO 10384 --- [todo] [http-nio-8080-exec-3] com.projects.todo.task.TaskController    : Getting All Tasks
2024-05-22T11:24:29.332+10:00  INFO 10384 --- [todo] [http-nio-8080-exec-6] com.projects.todo.task.TaskController    : Getting All Tasks
2024-05-22T11:25:34.956+10:00  INFO 10384 --- [todo] [http-nio-8080-exec-1] com.projects.todo.task.TaskController    : Getting All Tasks
2024-05-22T11:25:38.527+10:00  INFO 10384 --- [todo] [http-nio-8080-exec-4] com.projects.todo.task.TaskController    : Getting All Tasks
2024-05-22T11:25:53.105+10:00  INFO 10384 --- [todo] [http-nio-8080-exec-5] com.projects.todo.task.TaskController    : Getting All Tasks
2024-05-22T11:26:06.120+10:00  INFO 10384 --- [todo] [http-nio-8080-exec-2] com.projects.todo.task.TaskController    : Getting All Tasks
2024-05-22T11:26:11.125+10:00  INFO 10384 --- [todo] [http-nio-8080-exec-6] com.projects.todo.task.TaskController    : Getting All Tasks
2024-05-22T11:30:30.613+10:00  INFO 10384 --- [todo] [http-nio-8080-exec-1] com.projects.todo.task.TaskController    : Getting All Tasks
2024-05-22T11:30:30.733+10:00  INFO 10384 --- [todo] [http-nio-8080-exec-7] com.projects.todo.task.TaskController    : Getting All Tasks
2024-05-22T11:33:56.774+10:00  INFO 10384 --- [todo] [http-nio-8080-exec-5] com.projects.todo.task.TaskController    : Getting All Tasks
2024-05-22T11:33:56.839+10:00  INFO 10384 --- [todo] [http-nio-8080-exec-8] com.projects.todo.task.TaskController    : Getting All Tasks
2024-05-22T11:43:25.589+10:00  INFO 10384 --- [todo] [http-nio-8080-exec-6] com.projects.todo.task.TaskController    : Getting All Tasks
2024-05-22T11:43:25.898+10:00  INFO 10384 --- [todo] [http-nio-8080-exec-10] com.projects.todo.task.TaskController    : Getting All Tasks
2024-05-22T11:43:55.830+10:00  INFO 10384 --- [todo] [http-nio-8080-exec-4] com.projects.todo.task.TaskController    : Getting All Tasks
2024-05-22T11:43:55.952+10:00  INFO 10384 --- [todo] [http-nio-8080-exec-9] com.projects.todo.task.TaskController    : Getting All Tasks
2024-05-22T11:49:30.343+10:00  INFO 10384 --- [todo] [http-nio-8080-exec-8] com.projects.todo.task.TaskController    : Getting All Tasks
2024-05-22T11:49:30.449+10:00  INFO 10384 --- [todo] [http-nio-8080-exec-2] com.projects.todo.task.TaskController    : Getting All Tasks
2024-05-22T11:51:49.491+10:00  INFO 10384 --- [todo] [http-nio-8080-exec-7] com.projects.todo.task.TaskController    : Updating Task with id 7
2024-05-22T11:52:43.467+10:00  INFO 10384 --- [todo] [http-nio-8080-exec-4] com.projects.todo.task.TaskController    : Getting All Tasks
2024-05-22T11:52:43.531+10:00  INFO 10384 --- [todo] [http-nio-8080-exec-9] com.projects.todo.task.TaskController    : Getting All Tasks
2024-05-22T11:53:14.834+10:00  INFO 10384 --- [todo] [http-nio-8080-exec-8] com.projects.todo.task.TaskController    : Updating Task with id 7
2024-05-22T11:56:35.312+10:00  INFO 10384 --- [todo] [http-nio-8080-exec-3] com.projects.todo.task.TaskController    : Updating Task with id 7
2024-05-22T11:56:36.489+10:00  INFO 10384 --- [todo] [http-nio-8080-exec-10] com.projects.todo.task.TaskController    : Updating Task with id 7
2024-05-22T11:56:45.465+10:00  INFO 10384 --- [todo] [http-nio-8080-exec-1] com.projects.todo.task.TaskController    : Updating Task with id 7
2024-05-22T11:56:49.243+10:00  INFO 10384 --- [todo] [http-nio-8080-exec-9] com.projects.todo.task.TaskController    : Updating Task with id 27
2024-05-22T11:56:50.022+10:00  INFO 10384 --- [todo] [http-nio-8080-exec-8] com.projects.todo.task.TaskController    : Updating Task with id 23
2024-05-22T12:00:46.493+10:00  INFO 10384 --- [todo] [http-nio-8080-exec-6] com.projects.todo.task.TaskController    : Updating Task with id 29
2024-05-22T12:00:47.182+10:00  INFO 10384 --- [todo] [http-nio-8080-exec-10] com.projects.todo.task.TaskController    : Updating Task with id 29
2024-05-22T12:01:00.850+10:00  INFO 10384 --- [todo] [http-nio-8080-exec-1] com.projects.todo.task.TaskController    : Getting All Tasks
2024-05-22T12:01:00.896+10:00  INFO 10384 --- [todo] [http-nio-8080-exec-4] com.projects.todo.task.TaskController    : Getting All Tasks
2024-05-22T12:01:37.869+10:00  INFO 10384 --- [todo] [http-nio-8080-exec-2] com.projects.todo.task.TaskController    : Getting All Tasks
2024-05-22T12:01:38.113+10:00  INFO 10384 --- [todo] [http-nio-8080-exec-3] com.projects.todo.task.TaskController    : Getting All Tasks
2024-05-22T12:01:41.055+10:00  WARN 10384 --- [todo] [http-nio-8080-exec-8] o.h.engine.jdbc.spi.SqlExceptionHelper   : SQL Error: 1406, SQLState: 22001
2024-05-22T12:01:41.072+10:00 ERROR 10384 --- [todo] [http-nio-8080-exec-8] o.h.engine.jdbc.spi.SqlExceptionHelper   : Data truncation: Data too long for column 'description' at row 1
2024-05-22T12:01:41.381+10:00 ERROR 10384 --- [todo] [http-nio-8080-exec-8] o.a.c.c.C.[.[.[/].[dispatcherServlet]    : Servlet.service() for servlet [dispatcherServlet] in context with path [] threw exception [Request processing failed: org.springframework.dao.DataIntegrityViolationException: could not execute statement [Data truncation: Data too long for column 'description' at row 1] [insert into task (created_at,description,is_completed,updated_at) values (?,?,?,?)]; SQL [insert into task (created_at,description,is_completed,updated_at) values (?,?,?,?)]] with root cause

com.mysql.cj.jdbc.exceptions.MysqlDataTruncation: Data truncation: Data too long for column 'description' at row 1
	at com.mysql.cj.jdbc.exceptions.SQLExceptionsMapping.translateException(SQLExceptionsMapping.java:104) ~[mysql-connector-j-8.3.0.jar:8.3.0]
	at com.mysql.cj.jdbc.ClientPreparedStatement.executeInternal(ClientPreparedStatement.java:912) ~[mysql-connector-j-8.3.0.jar:8.3.0]
	at com.mysql.cj.jdbc.ClientPreparedStatement.executeUpdateInternal(ClientPreparedStatement.java:1054) ~[mysql-connector-j-8.3.0.jar:8.3.0]
	at com.mysql.cj.jdbc.ClientPreparedStatement.executeUpdateInternal(ClientPreparedStatement.java:1003) ~[mysql-connector-j-8.3.0.jar:8.3.0]
	at com.mysql.cj.jdbc.ClientPreparedStatement.executeLargeUpdate(ClientPreparedStatement.java:1312) ~[mysql-connector-j-8.3.0.jar:8.3.0]
	at com.mysql.cj.jdbc.ClientPreparedStatement.executeUpdate(ClientPreparedStatement.java:988) ~[mysql-connector-j-8.3.0.jar:8.3.0]
	at com.zaxxer.hikari.pool.ProxyPreparedStatement.executeUpdate(ProxyPreparedStatement.java:61) ~[HikariCP-5.0.1.jar:na]
	at com.zaxxer.hikari.pool.HikariProxyPreparedStatement.executeUpdate(HikariProxyPreparedStatement.java) ~[HikariCP-5.0.1.jar:na]
	at org.hibernate.engine.jdbc.internal.ResultSetReturnImpl.executeUpdate(ResultSetReturnImpl.java:194) ~[hibernate-core-6.4.4.Final.jar:6.4.4.Final]
	at org.hibernate.id.insert.GetGeneratedKeysDelegate.performInsert(GetGeneratedKeysDelegate.java:107) ~[hibernate-core-6.4.4.Final.jar:6.4.4.Final]
	at org.hibernate.engine.jdbc.mutation.internal.MutationExecutorPostInsertSingleTable.execute(MutationExecutorPostInsertSingleTable.java:100) ~[hibernate-core-6.4.4.Final.jar:6.4.4.Final]
	at org.hibernate.persister.entity.mutation.InsertCoordinator.doStaticInserts(InsertCoordinator.java:175) ~[hibernate-core-6.4.4.Final.jar:6.4.4.Final]
	at org.hibernate.persister.entity.mutation.InsertCoordinator.coordinateInsert(InsertCoordinator.java:113) ~[hibernate-core-6.4.4.Final.jar:6.4.4.Final]
	at org.hibernate.persister.entity.AbstractEntityPersister.insert(AbstractEntityPersister.java:2868) ~[hibernate-core-6.4.4.Final.jar:6.4.4.Final]
	at org.hibernate.action.internal.EntityIdentityInsertAction.execute(EntityIdentityInsertAction.java:81) ~[hibernate-core-6.4.4.Final.jar:6.4.4.Final]
	at org.hibernate.engine.spi.ActionQueue.execute(ActionQueue.java:670) ~[hibernate-core-6.4.4.Final.jar:6.4.4.Final]
	at org.hibernate.engine.spi.ActionQueue.addResolvedEntityInsertAction(ActionQueue.java:291) ~[hibernate-core-6.4.4.Final.jar:6.4.4.Final]
	at org.hibernate.engine.spi.ActionQueue.addInsertAction(ActionQueue.java:272) ~[hibernate-core-6.4.4.Final.jar:6.4.4.Final]
	at org.hibernate.engine.spi.ActionQueue.addAction(ActionQueue.java:322) ~[hibernate-core-6.4.4.Final.jar:6.4.4.Final]
	at org.hibernate.event.internal.AbstractSaveEventListener.addInsertAction(AbstractSaveEventListener.java:386) ~[hibernate-core-6.4.4.Final.jar:6.4.4.Final]
	at org.hibernate.event.internal.AbstractSaveEventListener.performSaveOrReplicate(AbstractSaveEventListener.java:300) ~[hibernate-core-6.4.4.Final.jar:6.4.4.Final]
	at org.hibernate.event.internal.AbstractSaveEventListener.performSave(AbstractSaveEventListener.java:219) ~[hibernate-core-6.4.4.Final.jar:6.4.4.Final]
	at org.hibernate.event.internal.AbstractSaveEventListener.saveWithGeneratedId(AbstractSaveEventListener.java:134) ~[hibernate-core-6.4.4.Final.jar:6.4.4.Final]
	at org.hibernate.event.internal.DefaultPersistEventListener.entityIsTransient(DefaultPersistEventListener.java:175) ~[hibernate-core-6.4.4.Final.jar:6.4.4.Final]
	at org.hibernate.event.internal.DefaultPersistEventListener.persist(DefaultPersistEventListener.java:93) ~[hibernate-core-6.4.4.Final.jar:6.4.4.Final]
	at org.hibernate.event.internal.DefaultPersistEventListener.onPersist(DefaultPersistEventListener.java:77) ~[hibernate-core-6.4.4.Final.jar:6.4.4.Final]
	at org.hibernate.event.internal.DefaultPersistEventListener.onPersist(DefaultPersistEventListener.java:54) ~[hibernate-core-6.4.4.Final.jar:6.4.4.Final]
	at org.hibernate.event.service.internal.EventListenerGroupImpl.fireEventOnEachListener(EventListenerGroupImpl.java:127) ~[hibernate-core-6.4.4.Final.jar:6.4.4.Final]
	at org.hibernate.internal.SessionImpl.firePersist(SessionImpl.java:754) ~[hibernate-core-6.4.4.Final.jar:6.4.4.Final]
	at org.hibernate.internal.SessionImpl.persist(SessionImpl.java:738) ~[hibernate-core-6.4.4.Final.jar:6.4.4.Final]
	at java.base/jdk.internal.reflect.DirectMethodHandleAccessor.invoke(DirectMethodHandleAccessor.java:103) ~[na:na]
	at java.base/java.lang.reflect.Method.invoke(Method.java:580) ~[na:na]
	at org.springframework.orm.jpa.ExtendedEntityManagerCreator$ExtendedEntityManagerInvocationHandler.invoke(ExtendedEntityManagerCreator.java:364) ~[spring-orm-6.1.6.jar:6.1.6]
	at jdk.proxy4/jdk.proxy4.$Proxy123.persist(Unknown Source) ~[na:na]
	at java.base/jdk.internal.reflect.DirectMethodHandleAccessor.invoke(DirectMethodHandleAccessor.java:103) ~[na:na]
	at java.base/java.lang.reflect.Method.invoke(Method.java:580) ~[na:na]
	at org.springframework.orm.jpa.SharedEntityManagerCreator$SharedEntityManagerInvocationHandler.invoke(SharedEntityManagerCreator.java:319) ~[spring-orm-6.1.6.jar:6.1.6]
	at jdk.proxy4/jdk.proxy4.$Proxy123.persist(Unknown Source) ~[na:na]
	at org.springframework.data.jpa.repository.support.SimpleJpaRepository.save(SimpleJpaRepository.java:618) ~[spring-data-jpa-3.2.5.jar:3.2.5]
	at java.base/jdk.internal.reflect.DirectMethodHandleAccessor.invoke(DirectMethodHandleAccessor.java:103) ~[na:na]
	at java.base/java.lang.reflect.Method.invoke(Method.java:580) ~[na:na]
	at org.springframework.aop.support.AopUtils.invokeJoinpointUsingReflection(AopUtils.java:354) ~[spring-aop-6.1.6.jar:6.1.6]
	at org.springframework.data.repository.core.support.RepositoryMethodInvoker$RepositoryFragmentMethodInvoker.lambda$new$0(RepositoryMethodInvoker.java:277) ~[spring-data-commons-3.2.5.jar:3.2.5]
	at org.springframework.data.repository.core.support.RepositoryMethodInvoker.doInvoke(RepositoryMethodInvoker.java:170) ~[spring-data-commons-3.2.5.jar:3.2.5]
	at org.springframework.data.repository.core.support.RepositoryMethodInvoker.invoke(RepositoryMethodInvoker.java:158) ~[spring-data-commons-3.2.5.jar:3.2.5]
	at org.springframework.data.repository.core.support.RepositoryComposition$RepositoryFragments.invoke(RepositoryComposition.java:516) ~[spring-data-commons-3.2.5.jar:3.2.5]
	at org.springframework.data.repository.core.support.RepositoryComposition.invoke(RepositoryComposition.java:285) ~[spring-data-commons-3.2.5.jar:3.2.5]
	at org.springframework.data.repository.core.support.RepositoryFactorySupport$ImplementationMethodExecutionInterceptor.invoke(RepositoryFactorySupport.java:628) ~[spring-data-commons-3.2.5.jar:3.2.5]
	at org.springframework.aop.framework.ReflectiveMethodInvocation.proceed(ReflectiveMethodInvocation.java:184) ~[spring-aop-6.1.6.jar:6.1.6]
	at org.springframework.data.repository.core.support.QueryExecutorMethodInterceptor.doInvoke(QueryExecutorMethodInterceptor.java:168) ~[spring-data-commons-3.2.5.jar:3.2.5]
	at org.springframework.data.repository.core.support.QueryExecutorMethodInterceptor.invoke(QueryExecutorMethodInterceptor.java:143) ~[spring-data-commons-3.2.5.jar:3.2.5]
	at org.springframework.aop.framework.ReflectiveMethodInvocation.proceed(ReflectiveMethodInvocation.java:184) ~[spring-aop-6.1.6.jar:6.1.6]
	at org.springframework.data.projection.DefaultMethodInvokingMethodInterceptor.invoke(DefaultMethodInvokingMethodInterceptor.java:70) ~[spring-data-commons-3.2.5.jar:3.2.5]
	at org.springframework.aop.framework.ReflectiveMethodInvocation.proceed(ReflectiveMethodInvocation.java:184) ~[spring-aop-6.1.6.jar:6.1.6]
	at org.springframework.transaction.interceptor.TransactionInterceptor$1.proceedWithInvocation(TransactionInterceptor.java:123) ~[spring-tx-6.1.6.jar:6.1.6]
	at org.springframework.transaction.interceptor.TransactionAspectSupport.invokeWithinTransaction(TransactionAspectSupport.java:392) ~[spring-tx-6.1.6.jar:6.1.6]
	at org.springframework.transaction.interceptor.TransactionInterceptor.invoke(TransactionInterceptor.java:119) ~[spring-tx-6.1.6.jar:6.1.6]
	at org.springframework.aop.framework.ReflectiveMethodInvocation.proceed(ReflectiveMethodInvocation.java:184) ~[spring-aop-6.1.6.jar:6.1.6]
	at org.springframework.dao.support.PersistenceExceptionTranslationInterceptor.invoke(PersistenceExceptionTranslationInterceptor.java:137) ~[spring-tx-6.1.6.jar:6.1.6]
	at org.springframework.aop.framework.ReflectiveMethodInvocation.proceed(ReflectiveMethodInvocation.java:184) ~[spring-aop-6.1.6.jar:6.1.6]
	at org.springframework.data.jpa.repository.support.CrudMethodMetadataPostProcessor$CrudMethodMetadataPopulatingMethodInterceptor.invoke(CrudMethodMetadataPostProcessor.java:164) ~[spring-data-jpa-3.2.5.jar:3.2.5]
	at org.springframework.aop.framework.ReflectiveMethodInvocation.proceed(ReflectiveMethodInvocation.java:184) ~[spring-aop-6.1.6.jar:6.1.6]
	at org.springframework.aop.interceptor.ExposeInvocationInterceptor.invoke(ExposeInvocationInterceptor.java:97) ~[spring-aop-6.1.6.jar:6.1.6]
	at org.springframework.aop.framework.ReflectiveMethodInvocation.proceed(ReflectiveMethodInvocation.java:184) ~[spring-aop-6.1.6.jar:6.1.6]
	at org.springframework.aop.framework.JdkDynamicAopProxy.invoke(JdkDynamicAopProxy.java:223) ~[spring-aop-6.1.6.jar:6.1.6]
	at jdk.proxy4/jdk.proxy4.$Proxy126.save(Unknown Source) ~[na:na]
	at com.projects.todo.task.TaskService.create(TaskService.java:23) ~[classes/:na]
	at java.base/jdk.internal.reflect.DirectMethodHandleAccessor.invoke(DirectMethodHandleAccessor.java:103) ~[na:na]
	at java.base/java.lang.reflect.Method.invoke(Method.java:580) ~[na:na]
	at org.springframework.aop.support.AopUtils.invokeJoinpointUsingReflection(AopUtils.java:354) ~[spring-aop-6.1.6.jar:6.1.6]
	at org.springframework.aop.framework.ReflectiveMethodInvocation.invokeJoinpoint(ReflectiveMethodInvocation.java:196) ~[spring-aop-6.1.6.jar:6.1.6]
	at org.springframework.aop.framework.ReflectiveMethodInvocation.proceed(ReflectiveMethodInvocation.java:163) ~[spring-aop-6.1.6.jar:6.1.6]
	at org.springframework.aop.framework.CglibAopProxy$CglibMethodInvocation.proceed(CglibAopProxy.java:768) ~[spring-aop-6.1.6.jar:6.1.6]
	at org.springframework.transaction.interceptor.TransactionInterceptor$1.proceedWithInvocation(TransactionInterceptor.java:123) ~[spring-tx-6.1.6.jar:6.1.6]
	at org.springframework.transaction.interceptor.TransactionAspectSupport.invokeWithinTransaction(TransactionAspectSupport.java:392) ~[spring-tx-6.1.6.jar:6.1.6]
	at org.springframework.transaction.interceptor.TransactionInterceptor.invoke(TransactionInterceptor.java:119) ~[spring-tx-6.1.6.jar:6.1.6]
	at org.springframework.aop.framework.ReflectiveMethodInvocation.proceed(ReflectiveMethodInvocation.java:184) ~[spring-aop-6.1.6.jar:6.1.6]
	at org.springframework.aop.framework.CglibAopProxy$CglibMethodInvocation.proceed(CglibAopProxy.java:768) ~[spring-aop-6.1.6.jar:6.1.6]
	at org.springframework.aop.framework.CglibAopProxy$DynamicAdvisedInterceptor.intercept(CglibAopProxy.java:720) ~[spring-aop-6.1.6.jar:6.1.6]
	at com.projects.todo.task.TaskService$$SpringCGLIB$$0.create(<generated>) ~[classes/:na]
	at com.projects.todo.task.TaskController.createTask(TaskController.java:35) ~[classes/:na]
	at java.base/jdk.internal.reflect.DirectMethodHandleAccessor.invoke(DirectMethodHandleAccessor.java:103) ~[na:na]
	at java.base/java.lang.reflect.Method.invoke(Method.java:580) ~[na:na]
	at org.springframework.web.method.support.InvocableHandlerMethod.doInvoke(InvocableHandlerMethod.java:255) ~[spring-web-6.1.6.jar:6.1.6]
	at org.springframework.web.method.support.InvocableHandlerMethod.invokeForRequest(InvocableHandlerMethod.java:188) ~[spring-web-6.1.6.jar:6.1.6]
	at org.springframework.web.servlet.mvc.method.annotation.ServletInvocableHandlerMethod.invokeAndHandle(ServletInvocableHandlerMethod.java:118) ~[spring-webmvc-6.1.6.jar:6.1.6]
	at org.springframework.web.servlet.mvc.method.annotation.RequestMappingHandlerAdapter.invokeHandlerMethod(RequestMappingHandlerAdapter.java:926) ~[spring-webmvc-6.1.6.jar:6.1.6]
	at org.springframework.web.servlet.mvc.method.annotation.RequestMappingHandlerAdapter.handleInternal(RequestMappingHandlerAdapter.java:831) ~[spring-webmvc-6.1.6.jar:6.1.6]
	at org.springframework.web.servlet.mvc.method.AbstractHandlerMethodAdapter.handle(AbstractHandlerMethodAdapter.java:87) ~[spring-webmvc-6.1.6.jar:6.1.6]
	at org.springframework.web.servlet.DispatcherServlet.doDispatch(DispatcherServlet.java:1089) ~[spring-webmvc-6.1.6.jar:6.1.6]
	at org.springframework.web.servlet.DispatcherServlet.doService(DispatcherServlet.java:979) ~[spring-webmvc-6.1.6.jar:6.1.6]
	at org.springframework.web.servlet.FrameworkServlet.processRequest(FrameworkServlet.java:1014) ~[spring-webmvc-6.1.6.jar:6.1.6]
	at org.springframework.web.servlet.FrameworkServlet.doPost(FrameworkServlet.java:914) ~[spring-webmvc-6.1.6.jar:6.1.6]
	at jakarta.servlet.http.HttpServlet.service(HttpServlet.java:590) ~[tomcat-embed-core-10.1.20.jar:6.0]
	at org.springframework.web.servlet.FrameworkServlet.service(FrameworkServlet.java:885) ~[spring-webmvc-6.1.6.jar:6.1.6]
	at jakarta.servlet.http.HttpServlet.service(HttpServlet.java:658) ~[tomcat-embed-core-10.1.20.jar:6.0]
	at org.apache.catalina.core.ApplicationFilterChain.internalDoFilter(ApplicationFilterChain.java:206) ~[tomcat-embed-core-10.1.20.jar:10.1.20]
	at org.apache.catalina.core.ApplicationFilterChain.doFilter(ApplicationFilterChain.java:150) ~[tomcat-embed-core-10.1.20.jar:10.1.20]
	at org.apache.tomcat.websocket.server.WsFilter.doFilter(WsFilter.java:51) ~[tomcat-embed-websocket-10.1.20.jar:10.1.20]
	at org.apache.catalina.core.ApplicationFilterChain.internalDoFilter(ApplicationFilterChain.java:175) ~[tomcat-embed-core-10.1.20.jar:10.1.20]
	at org.apache.catalina.core.ApplicationFilterChain.doFilter(ApplicationFilterChain.java:150) ~[tomcat-embed-core-10.1.20.jar:10.1.20]
	at org.springframework.web.filter.CharacterEncodingFilter.doFilterInternal(CharacterEncodingFilter.java:201) ~[spring-web-6.1.6.jar:6.1.6]
	at org.springframework.web.filter.OncePerRequestFilter.doFilter(OncePerRequestFilter.java:116) ~[spring-web-6.1.6.jar:6.1.6]
	at org.apache.catalina.core.ApplicationFilterChain.internalDoFilter(ApplicationFilterChain.java:175) ~[tomcat-embed-core-10.1.20.jar:10.1.20]
	at org.apache.catalina.core.ApplicationFilterChain.doFilter(ApplicationFilterChain.java:150) ~[tomcat-embed-core-10.1.20.jar:10.1.20]
	at org.apache.catalina.core.StandardWrapperValve.invoke(StandardWrapperValve.java:167) ~[tomcat-embed-core-10.1.20.jar:10.1.20]
	at org.apache.catalina.core.StandardContextValve.invoke(StandardContextValve.java:90) ~[tomcat-embed-core-10.1.20.jar:10.1.20]
	at org.apache.catalina.authenticator.AuthenticatorBase.invoke(AuthenticatorBase.java:482) ~[tomcat-embed-core-10.1.20.jar:10.1.20]
	at org.apache.catalina.core.StandardHostValve.invoke(StandardHostValve.java:115) ~[tomcat-embed-core-10.1.20.jar:10.1.20]
	at org.apache.catalina.valves.ErrorReportValve.invoke(ErrorReportValve.java:93) ~[tomcat-embed-core-10.1.20.jar:10.1.20]
	at org.apache.catalina.core.StandardEngineValve.invoke(StandardEngineValve.java:74) ~[tomcat-embed-core-10.1.20.jar:10.1.20]
	at org.apache.catalina.connector.CoyoteAdapter.service(CoyoteAdapter.java:344) ~[tomcat-embed-core-10.1.20.jar:10.1.20]
	at org.apache.coyote.http11.Http11Processor.service(Http11Processor.java:391) ~[tomcat-embed-core-10.1.20.jar:10.1.20]
	at org.apache.coyote.AbstractProcessorLight.process(AbstractProcessorLight.java:63) ~[tomcat-embed-core-10.1.20.jar:10.1.20]
	at org.apache.coyote.AbstractProtocol$ConnectionHandler.process(AbstractProtocol.java:896) ~[tomcat-embed-core-10.1.20.jar:10.1.20]
	at org.apache.tomcat.util.net.NioEndpoint$SocketProcessor.doRun(NioEndpoint.java:1736) ~[tomcat-embed-core-10.1.20.jar:10.1.20]
	at org.apache.tomcat.util.net.SocketProcessorBase.run(SocketProcessorBase.java:52) ~[tomcat-embed-core-10.1.20.jar:10.1.20]
	at org.apache.tomcat.util.threads.ThreadPoolExecutor.runWorker(ThreadPoolExecutor.java:1191) ~[tomcat-embed-core-10.1.20.jar:10.1.20]
	at org.apache.tomcat.util.threads.ThreadPoolExecutor$Worker.run(ThreadPoolExecutor.java:659) ~[tomcat-embed-core-10.1.20.jar:10.1.20]
	at org.apache.tomcat.util.threads.TaskThread$WrappingRunnable.run(TaskThread.java:63) ~[tomcat-embed-core-10.1.20.jar:10.1.20]
	at java.base/java.lang.Thread.run(Thread.java:1570) ~[na:na]

2024-05-22T12:01:41.889+10:00  WARN 10384 --- [todo] [http-nio-8080-exec-8] .w.s.m.s.DefaultHandlerExceptionResolver : Resolved [org.springframework.web.context.request.async.AsyncRequestNotUsableException: ServletOutputStream failed to flush: java.io.IOException: An established connection was aborted by the software in your host machine]
2024-05-22T12:03:03.093+10:00  INFO 10384 --- [todo] [http-nio-8080-exec-7] com.projects.todo.task.TaskController    : Getting All Tasks
2024-05-22T12:03:14.267+10:00  INFO 10384 --- [todo] [http-nio-8080-exec-4] com.projects.todo.task.TaskController    : Getting All Tasks
2024-05-22T12:03:52.626+10:00  INFO 10384 --- [todo] [http-nio-8080-exec-5] com.projects.todo.task.TaskController    : Getting All Tasks
2024-05-22T12:04:39.900+10:00  INFO 10384 --- [todo] [http-nio-8080-exec-3] com.projects.todo.task.TaskController    : Getting All Tasks
2024-05-22T12:07:30.151+10:00  INFO 10384 --- [todo] [http-nio-8080-exec-10] com.projects.todo.task.TaskController    : Getting All Tasks
2024-05-22T12:08:06.864+10:00  INFO 10384 --- [todo] [http-nio-8080-exec-8] com.projects.todo.task.TaskController    : Getting All Tasks
2024-05-22T12:08:35.493+10:00  INFO 10384 --- [todo] [http-nio-8080-exec-1] com.projects.todo.task.TaskController    : Getting All Tasks
2024-05-22T12:08:35.520+10:00  INFO 10384 --- [todo] [http-nio-8080-exec-4] com.projects.todo.task.TaskController    : Getting All Tasks
2024-05-22T12:10:57.040+10:00  INFO 10384 --- [todo] [http-nio-8080-exec-2] com.projects.todo.task.TaskController    : Getting All Tasks
2024-05-22T12:11:00.633+10:00  INFO 10384 --- [todo] [http-nio-8080-exec-6] com.projects.todo.task.TaskController    : Getting All Tasks
2024-05-22T12:17:49.881+10:00  INFO 10384 --- [todo] [http-nio-8080-exec-8] com.projects.todo.task.TaskController    : Getting All Tasks
2024-05-22T12:18:29.030+10:00  INFO 10384 --- [todo] [http-nio-8080-exec-7] com.projects.todo.task.TaskController    : Getting All Tasks
2024-05-22T12:21:20.035+10:00  INFO 10384 --- [todo] [http-nio-8080-exec-4] com.projects.todo.task.TaskController    : Getting All Tasks
2024-05-22T12:24:05.908+10:00  INFO 10384 --- [todo] [http-nio-8080-exec-5] com.projects.todo.task.TaskController    : Getting All Tasks
2024-05-22T12:25:41.766+10:00  INFO 10384 --- [todo] [http-nio-8080-exec-6] com.projects.todo.task.TaskController    : Updating Task with id 30
2024-05-22T12:48:15.241+10:00  INFO 10384 --- [todo] [http-nio-8080-exec-1] com.projects.todo.task.TaskController    : Getting All Tasks
2024-05-22T12:48:15.341+10:00  INFO 10384 --- [todo] [http-nio-8080-exec-1] com.projects.todo.task.TaskController    : Getting All Tasks
2024-05-22T12:48:47.806+10:00  INFO 10384 --- [todo] [http-nio-8080-exec-2] com.projects.todo.task.TaskController    : Updating Task with id 31
2024-05-22T13:04:16.885+10:00  INFO 10384 --- [todo] [http-nio-8080-exec-6] com.projects.todo.task.TaskController    : Getting All Tasks
2024-05-22T13:04:17.086+10:00  INFO 10384 --- [todo] [http-nio-8080-exec-10] com.projects.todo.task.TaskController    : Getting All Tasks
2024-05-22T13:51:24.147+10:00  INFO 10384 --- [todo] [http-nio-8080-exec-1] com.projects.todo.task.TaskController    : Getting All Tasks
2024-05-22T13:52:03.411+10:00  INFO 10384 --- [todo] [http-nio-8080-exec-9] com.projects.todo.task.TaskController    : Getting All Tasks
2024-05-22T13:53:19.794+10:00  INFO 10384 --- [todo] [http-nio-8080-exec-2] com.projects.todo.task.TaskController    : Getting All Tasks
2024-05-22T13:53:27.866+10:00  INFO 10384 --- [todo] [http-nio-8080-exec-3] com.projects.todo.task.TaskController    : Getting All Tasks
2024-05-22T13:53:27.920+10:00  INFO 10384 --- [todo] [http-nio-8080-exec-6] com.projects.todo.task.TaskController    : Getting All Tasks
2024-05-22T13:53:56.529+10:00  INFO 10384 --- [todo] [http-nio-8080-exec-7] com.projects.todo.task.TaskController    : Getting All Tasks
2024-05-22T13:54:16.353+10:00  INFO 10384 --- [todo] [http-nio-8080-exec-1] com.projects.todo.task.TaskController    : Getting All Tasks
2024-05-22T13:54:50.132+10:00  INFO 10384 --- [todo] [http-nio-8080-exec-9] com.projects.todo.task.TaskController    : Getting All Tasks
2024-05-22T13:55:09.382+10:00  INFO 10384 --- [todo] [http-nio-8080-exec-2] com.projects.todo.task.TaskController    : Getting All Tasks
2024-05-22T13:55:28.600+10:00  INFO 10384 --- [todo] [http-nio-8080-exec-6] com.projects.todo.task.TaskController    : Getting All Tasks
2024-05-22T13:56:12.516+10:00  INFO 10384 --- [todo] [http-nio-8080-exec-7] com.projects.todo.task.TaskController    : Getting All Tasks
2024-05-22T13:56:54.513+10:00  INFO 10384 --- [todo] [http-nio-8080-exec-1] com.projects.todo.task.TaskController    : Getting All Tasks
2024-05-22T13:57:03.263+10:00  INFO 10384 --- [todo] [http-nio-8080-exec-9] com.projects.todo.task.TaskController    : Getting All Tasks
2024-05-22T13:57:22.252+10:00  INFO 10384 --- [todo] [http-nio-8080-exec-2] com.projects.todo.task.TaskController    : Getting All Tasks
2024-05-22T13:57:22.384+10:00  INFO 10384 --- [todo] [http-nio-8080-exec-3] com.projects.todo.task.TaskController    : Getting All Tasks
2024-05-22T13:57:41.352+10:00  INFO 10384 --- [todo] [http-nio-8080-exec-10] com.projects.todo.task.TaskController    : Getting All Tasks
2024-05-22T13:57:53.680+10:00  INFO 10384 --- [todo] [http-nio-8080-exec-8] com.projects.todo.task.TaskController    : Getting All Tasks
2024-05-22T13:58:02.165+10:00  INFO 10384 --- [todo] [http-nio-8080-exec-1] com.projects.todo.task.TaskController    : Getting All Tasks
2024-05-22T13:58:05.943+10:00  INFO 10384 --- [todo] [http-nio-8080-exec-9] com.projects.todo.task.TaskController    : Getting All Tasks
2024-05-22T13:58:08.714+10:00  INFO 10384 --- [todo] [http-nio-8080-exec-5] com.projects.todo.task.TaskController    : Getting All Tasks
2024-05-22T13:58:32.318+10:00  INFO 10384 --- [todo] [http-nio-8080-exec-3] com.projects.todo.task.TaskController    : Getting All Tasks
2024-05-22T13:59:01.826+10:00  INFO 10384 --- [todo] [http-nio-8080-exec-10] com.projects.todo.task.TaskController    : Getting All Tasks
2024-05-22T13:59:14.350+10:00  INFO 10384 --- [todo] [http-nio-8080-exec-8] com.projects.todo.task.TaskController    : Getting All Tasks
2024-05-22T13:59:22.660+10:00  INFO 10384 --- [todo] [http-nio-8080-exec-1] com.projects.todo.task.TaskController    : Getting All Tasks
2024-05-22T13:59:43.845+10:00  INFO 10384 --- [todo] [http-nio-8080-exec-9] com.projects.todo.task.TaskController    : Getting All Tasks
2024-05-22T13:59:58.832+10:00  INFO 10384 --- [todo] [http-nio-8080-exec-2] com.projects.todo.task.TaskController    : Getting All Tasks
2024-05-22T14:00:55.950+10:00  INFO 10384 --- [todo] [http-nio-8080-exec-6] com.projects.todo.task.TaskController    : Getting All Tasks
2024-05-22T14:01:02.672+10:00  INFO 10384 --- [todo] [http-nio-8080-exec-10] com.projects.todo.task.TaskController    : Getting All Tasks
2024-05-22T14:01:12.747+10:00  INFO 10384 --- [todo] [http-nio-8080-exec-8] com.projects.todo.task.TaskController    : Getting All Tasks
2024-05-22T14:01:18.709+10:00  INFO 10384 --- [todo] [http-nio-8080-exec-4] com.projects.todo.task.TaskController    : Getting All Tasks
2024-05-22T14:01:22.953+10:00  INFO 10384 --- [todo] [http-nio-8080-exec-9] com.projects.todo.task.TaskController    : Getting All Tasks
2024-05-22T14:02:18.957+10:00  INFO 10384 --- [todo] [http-nio-8080-exec-3] com.projects.todo.task.TaskController    : Deleting Task with id 31
2024-05-22T14:02:38.478+10:00  INFO 10384 --- [todo] [http-nio-8080-exec-10] com.projects.todo.task.TaskController    : Updating Task with id 30
2024-05-22T14:02:41.424+10:00  INFO 10384 --- [todo] [http-nio-8080-exec-8] com.projects.todo.task.TaskController    : Updating Task with id 29
2024-05-22T14:02:43.451+10:00  INFO 10384 --- [todo] [http-nio-8080-exec-4] com.projects.todo.task.TaskController    : Updating Task with id 23
2024-05-22T14:02:44.723+10:00  INFO 10384 --- [todo] [http-nio-8080-exec-2] com.projects.todo.task.TaskController    : Updating Task with id 10
2024-05-22T14:02:46.758+10:00  INFO 10384 --- [todo] [http-nio-8080-exec-3] com.projects.todo.task.TaskController    : Getting All Tasks
2024-05-22T14:02:46.821+10:00  INFO 10384 --- [todo] [http-nio-8080-exec-6] com.projects.todo.task.TaskController    : Getting All Tasks
2024-05-22T14:06:28.261+10:00  INFO 10384 --- [todo] [http-nio-8080-exec-7] com.projects.todo.task.TaskController    : Getting All Tasks
2024-05-22T14:06:35.469+10:00  INFO 10384 --- [todo] [http-nio-8080-exec-1] com.projects.todo.task.TaskController    : Getting All Tasks
2024-05-22T14:06:41.779+10:00  INFO 10384 --- [todo] [http-nio-8080-exec-9] com.projects.todo.task.TaskController    : Getting All Tasks
2024-05-22T14:12:26.065+10:00  INFO 10384 --- [todo] [http-nio-8080-exec-2] com.projects.todo.task.TaskController    : Getting All Tasks
2024-05-22T14:12:26.220+10:00  INFO 10384 --- [todo] [http-nio-8080-exec-3] com.projects.todo.task.TaskController    : Getting All Tasks
2024-05-22T14:12:33.794+10:00  INFO 10384 --- [todo] [http-nio-8080-exec-7] com.projects.todo.task.TaskController    : Getting All Tasks
2024-05-22T14:12:34.086+10:00  INFO 10384 --- [todo] [http-nio-8080-exec-8] com.projects.todo.task.TaskController    : Getting All Tasks
2024-05-22T14:12:46.029+10:00  INFO 10384 --- [todo] [http-nio-8080-exec-9] com.projects.todo.task.TaskController    : Getting All Tasks
2024-05-22T14:12:46.145+10:00  INFO 10384 --- [todo] [http-nio-8080-exec-5] com.projects.todo.task.TaskController    : Getting All Tasks
2024-05-22T14:13:20.451+10:00  INFO 10384 --- [todo] [http-nio-8080-exec-6] com.projects.todo.task.TaskController    : Updating Task with id 8
2024-05-22T14:13:21.244+10:00  INFO 10384 --- [todo] [http-nio-8080-exec-7] com.projects.todo.task.TaskController    : Updating Task with id 7
2024-05-22T14:15:13.925+10:00  INFO 10384 --- [todo] [http-nio-8080-exec-4] com.projects.todo.task.TaskController    : Updating Task with id 7
2024-05-22T14:22:43.617+10:00  INFO 10384 --- [todo] [File Watcher] rtingClassPathChangeChangedEventListener : Restarting due to 15 class path changes (0 additions, 15 deletions, 0 modifications)
2024-05-22T14:22:45.555+10:00  INFO 10384 --- [todo] [Thread-5] j.LocalContainerEntityManagerFactoryBean : Closing JPA EntityManagerFactory for persistence unit 'default'
2024-05-22T14:22:46.394+10:00  INFO 10384 --- [todo] [Thread-5] com.zaxxer.hikari.HikariDataSource       : HikariPool-1 - Shutdown initiated...
2024-05-22T14:22:46.561+10:00  INFO 10384 --- [todo] [Thread-5] com.zaxxer.hikari.HikariDataSource       : HikariPool-1 - Shutdown completed.
2024-05-22T14:22:58.869+10:00  INFO 10384 --- [todo] [restartedMain] com.projects.todo.TodoApplication        : Starting TodoApplication using Java 22.0.1 with PID 10384 (C:\Users\ammar\Nology\zambia\Projects\todo\target\classes started by ammara in C:\Users\ammar\Nology\zambia\Projects\todo)
2024-05-22T14:22:58.873+10:00  INFO 10384 --- [todo] [restartedMain] com.projects.todo.TodoApplication        : No active profile set, falling back to 1 default profile: "default"
2024-05-22T14:23:01.761+10:00  INFO 10384 --- [todo] [restartedMain] .s.d.r.c.RepositoryConfigurationDelegate : Bootstrapping Spring Data JPA repositories in DEFAULT mode.
2024-05-22T14:23:02.059+10:00  INFO 10384 --- [todo] [restartedMain] .s.d.r.c.RepositoryConfigurationDelegate : Finished Spring Data repository scanning in 290 ms. Found 1 JPA repository interface.
2024-05-22T14:23:03.429+10:00  INFO 10384 --- [todo] [restartedMain] o.s.b.w.embedded.tomcat.TomcatWebServer  : Tomcat initialized with port 8080 (http)
2024-05-22T14:23:03.456+10:00  INFO 10384 --- [todo] [restartedMain] o.apache.catalina.core.StandardService   : Starting service [Tomcat]
2024-05-22T14:23:03.458+10:00  INFO 10384 --- [todo] [restartedMain] o.apache.catalina.core.StandardEngine    : Starting Servlet engine: [Apache Tomcat/10.1.20]
2024-05-22T14:23:03.589+10:00  INFO 10384 --- [todo] [restartedMain] o.a.c.c.C.[Tomcat-1].[localhost].[/]     : Initializing Spring embedded WebApplicationContext
2024-05-22T14:23:03.590+10:00  INFO 10384 --- [todo] [restartedMain] w.s.c.ServletWebServerApplicationContext : Root WebApplicationContext: initialization completed in 4706 ms
2024-05-22T14:23:04.275+10:00  INFO 10384 --- [todo] [restartedMain] o.hibernate.jpa.internal.util.LogHelper  : HHH000204: Processing PersistenceUnitInfo [name: default]
2024-05-22T14:23:04.362+10:00  INFO 10384 --- [todo] [restartedMain] o.h.c.internal.RegionFactoryInitiator    : HHH000026: Second-level cache disabled
2024-05-22T14:23:04.471+10:00  INFO 10384 --- [todo] [restartedMain] o.s.o.j.p.SpringPersistenceUnitInfo      : No LoadTimeWeaver setup: ignoring JPA class transformer
2024-05-22T14:23:04.487+10:00  INFO 10384 --- [todo] [restartedMain] com.zaxxer.hikari.HikariDataSource       : HikariPool-2 - Starting...
2024-05-22T14:23:04.578+10:00  INFO 10384 --- [todo] [restartedMain] com.zaxxer.hikari.pool.HikariPool        : HikariPool-2 - Added connection com.mysql.cj.jdbc.ConnectionImpl@6bbf0095
2024-05-22T14:23:04.595+10:00  INFO 10384 --- [todo] [restartedMain] com.zaxxer.hikari.HikariDataSource       : HikariPool-2 - Start completed.
2024-05-22T14:23:05.055+10:00  INFO 10384 --- [todo] [restartedMain] o.h.e.t.j.p.i.JtaPlatformInitiator       : HHH000489: No JTA platform available (set 'hibernate.transaction.jta.platform' to enable JTA platform integration)
2024-05-22T14:23:05.386+10:00  INFO 10384 --- [todo] [restartedMain] j.LocalContainerEntityManagerFactoryBean : Initialized JPA EntityManagerFactory for persistence unit 'default'
2024-05-22T14:23:06.178+10:00  WARN 10384 --- [todo] [restartedMain] JpaBaseConfiguration$JpaWebConfiguration : spring.jpa.open-in-view is enabled by default. Therefore, database queries may be performed during view rendering. Explicitly configure spring.jpa.open-in-view to disable this warning
2024-05-22T14:23:10.395+10:00  INFO 10384 --- [todo] [restartedMain] o.s.b.d.a.OptionalLiveReloadServer       : LiveReload server is running on port 35729
2024-05-22T14:23:10.577+10:00  INFO 10384 --- [todo] [restartedMain] o.s.b.w.embedded.tomcat.TomcatWebServer  : Tomcat started on port 8080 (http) with context path ''
2024-05-22T14:23:10.689+10:00  INFO 10384 --- [todo] [restartedMain] com.projects.todo.TodoApplication        : Started TodoApplication in 12.413 seconds (process running for 16145.433)
2024-05-22T14:23:10.705+10:00  INFO 10384 --- [todo] [restartedMain] .ConditionEvaluationDeltaLoggingListener : Condition evaluation unchanged
2024-05-22T14:23:15.210+10:00  INFO 10384 --- [todo] [File Watcher] rtingClassPathChangeChangedEventListener : Restarting due to 15 class path changes (0 additions, 15 deletions, 0 modifications)
2024-05-22T14:23:15.518+10:00  INFO 10384 --- [todo] [Thread-7] j.LocalContainerEntityManagerFactoryBean : Closing JPA EntityManagerFactory for persistence unit 'default'
2024-05-22T14:23:15.528+10:00  INFO 10384 --- [todo] [Thread-7] com.zaxxer.hikari.HikariDataSource       : HikariPool-2 - Shutdown initiated...
2024-05-22T14:23:16.237+10:00  INFO 10384 --- [todo] [Thread-7] com.zaxxer.hikari.HikariDataSource       : HikariPool-2 - Shutdown completed.
2024-05-22T14:24:00.566+10:00  INFO 10384 --- [todo] [restartedMain] com.projects.todo.TodoApplication        : Starting TodoApplication using Java 22.0.1 with PID 10384 (C:\Users\ammar\Nology\zambia\Projects\todo\target\classes started by ammara in C:\Users\ammar\Nology\zambia\Projects\todo)
2024-05-22T14:24:00.577+10:00  INFO 10384 --- [todo] [restartedMain] com.projects.todo.TodoApplication        : No active profile set, falling back to 1 default profile: "default"
2024-05-22T14:24:02.351+10:00  INFO 10384 --- [todo] [restartedMain] .s.d.r.c.RepositoryConfigurationDelegate : Bootstrapping Spring Data JPA repositories in DEFAULT mode.
2024-05-22T14:24:02.567+10:00  INFO 10384 --- [todo] [restartedMain] .s.d.r.c.RepositoryConfigurationDelegate : Finished Spring Data repository scanning in 206 ms. Found 1 JPA repository interface.
2024-05-22T14:24:03.287+10:00  INFO 10384 --- [todo] [restartedMain] o.s.b.w.embedded.tomcat.TomcatWebServer  : Tomcat initialized with port 8080 (http)
2024-05-22T14:24:03.298+10:00  INFO 10384 --- [todo] [restartedMain] o.apache.catalina.core.StandardService   : Starting service [Tomcat]
2024-05-22T14:24:03.334+10:00  INFO 10384 --- [todo] [restartedMain] o.apache.catalina.core.StandardEngine    : Starting Servlet engine: [Apache Tomcat/10.1.20]
2024-05-22T14:24:03.561+10:00  INFO 10384 --- [todo] [restartedMain] o.a.c.c.C.[Tomcat-2].[localhost].[/]     : Initializing Spring embedded WebApplicationContext
2024-05-22T14:24:03.572+10:00  INFO 10384 --- [todo] [restartedMain] w.s.c.ServletWebServerApplicationContext : Root WebApplicationContext: initialization completed in 2957 ms
2024-05-22T14:24:03.846+10:00  INFO 10384 --- [todo] [restartedMain] o.hibernate.jpa.internal.util.LogHelper  : HHH000204: Processing PersistenceUnitInfo [name: default]
2024-05-22T14:24:03.896+10:00  INFO 10384 --- [todo] [restartedMain] o.h.c.internal.RegionFactoryInitiator    : HHH000026: Second-level cache disabled
2024-05-22T14:24:04.024+10:00  INFO 10384 --- [todo] [restartedMain] o.s.o.j.p.SpringPersistenceUnitInfo      : No LoadTimeWeaver setup: ignoring JPA class transformer
2024-05-22T14:24:04.060+10:00  INFO 10384 --- [todo] [restartedMain] com.zaxxer.hikari.HikariDataSource       : HikariPool-3 - Starting...
2024-05-22T14:24:04.308+10:00  INFO 10384 --- [todo] [restartedMain] com.zaxxer.hikari.pool.HikariPool        : HikariPool-3 - Added connection com.mysql.cj.jdbc.ConnectionImpl@13ecb20d
2024-05-22T14:24:04.311+10:00  INFO 10384 --- [todo] [restartedMain] com.zaxxer.hikari.HikariDataSource       : HikariPool-3 - Start completed.
2024-05-22T14:24:04.681+10:00  INFO 10384 --- [todo] [restartedMain] o.h.e.t.j.p.i.JtaPlatformInitiator       : HHH000489: No JTA platform available (set 'hibernate.transaction.jta.platform' to enable JTA platform integration)
2024-05-22T14:24:04.742+10:00  INFO 10384 --- [todo] [restartedMain] j.LocalContainerEntityManagerFactoryBean : Initialized JPA EntityManagerFactory for persistence unit 'default'
2024-05-22T14:24:05.159+10:00  WARN 10384 --- [todo] [restartedMain] JpaBaseConfiguration$JpaWebConfiguration : spring.jpa.open-in-view is enabled by default. Therefore, database queries may be performed during view rendering. Explicitly configure spring.jpa.open-in-view to disable this warning
2024-05-22T14:24:06.887+10:00  INFO 10384 --- [todo] [restartedMain] o.s.b.d.a.OptionalLiveReloadServer       : LiveReload server is running on port 35729
2024-05-22T14:24:07.028+10:00  INFO 10384 --- [todo] [restartedMain] o.s.b.w.embedded.tomcat.TomcatWebServer  : Tomcat started on port 8080 (http) with context path ''
2024-05-22T14:24:07.068+10:00  INFO 10384 --- [todo] [restartedMain] com.projects.todo.TodoApplication        : Started TodoApplication in 6.968 seconds (process running for 16201.812)
2024-05-22T14:24:07.077+10:00  INFO 10384 --- [todo] [restartedMain] .ConditionEvaluationDeltaLoggingListener : Condition evaluation unchanged
2024-05-22T14:24:34.012+10:00  INFO 10384 --- [todo] [File Watcher] rtingClassPathChangeChangedEventListener : Restarting due to 15 class path changes (0 additions, 15 deletions, 0 modifications)
2024-05-22T14:24:34.275+10:00  INFO 10384 --- [todo] [Thread-14] j.LocalContainerEntityManagerFactoryBean : Closing JPA EntityManagerFactory for persistence unit 'default'
2024-05-22T14:24:34.282+10:00  INFO 10384 --- [todo] [Thread-14] com.zaxxer.hikari.HikariDataSource       : HikariPool-3 - Shutdown initiated...
2024-05-22T14:24:34.425+10:00  INFO 10384 --- [todo] [Thread-14] com.zaxxer.hikari.HikariDataSource       : HikariPool-3 - Shutdown completed.
2024-05-22T14:24:42.205+10:00  INFO 10384 --- [todo] [restartedMain] com.projects.todo.TodoApplication        : Starting TodoApplication using Java 22.0.1 with PID 10384 (C:\Users\ammar\Nology\zambia\Projects\todo\target\classes started by ammara in C:\Users\ammar\Nology\zambia\Projects\todo)
2024-05-22T14:24:42.256+10:00  INFO 10384 --- [todo] [restartedMain] com.projects.todo.TodoApplication        : No active profile set, falling back to 1 default profile: "default"
2024-05-22T14:24:44.116+10:00  INFO 10384 --- [todo] [restartedMain] .s.d.r.c.RepositoryConfigurationDelegate : Bootstrapping Spring Data JPA repositories in DEFAULT mode.
2024-05-22T14:24:44.253+10:00  INFO 10384 --- [todo] [restartedMain] .s.d.r.c.RepositoryConfigurationDelegate : Finished Spring Data repository scanning in 130 ms. Found 1 JPA repository interface.
2024-05-22T14:24:44.958+10:00  INFO 10384 --- [todo] [restartedMain] o.s.b.w.embedded.tomcat.TomcatWebServer  : Tomcat initialized with port 8080 (http)
2024-05-22T14:24:44.963+10:00  INFO 10384 --- [todo] [restartedMain] o.apache.catalina.core.StandardService   : Starting service [Tomcat]
2024-05-22T14:24:44.965+10:00  INFO 10384 --- [todo] [restartedMain] o.apache.catalina.core.StandardEngine    : Starting Servlet engine: [Apache Tomcat/10.1.20]
2024-05-22T14:24:45.102+10:00  INFO 10384 --- [todo] [restartedMain] o.a.c.c.C.[Tomcat-3].[localhost].[/]     : Initializing Spring embedded WebApplicationContext
2024-05-22T14:24:45.103+10:00  INFO 10384 --- [todo] [restartedMain] w.s.c.ServletWebServerApplicationContext : Root WebApplicationContext: initialization completed in 2779 ms
2024-05-22T14:24:45.270+10:00  INFO 10384 --- [todo] [restartedMain] o.hibernate.jpa.internal.util.LogHelper  : HHH000204: Processing PersistenceUnitInfo [name: default]
2024-05-22T14:24:45.287+10:00  INFO 10384 --- [todo] [restartedMain] o.h.c.internal.RegionFactoryInitiator    : HHH000026: Second-level cache disabled
2024-05-22T14:24:45.322+10:00  INFO 10384 --- [todo] [restartedMain] o.s.o.j.p.SpringPersistenceUnitInfo      : No LoadTimeWeaver setup: ignoring JPA class transformer
2024-05-22T14:24:45.328+10:00  INFO 10384 --- [todo] [restartedMain] com.zaxxer.hikari.HikariDataSource       : HikariPool-4 - Starting...
2024-05-22T14:24:45.436+10:00  INFO 10384 --- [todo] [restartedMain] com.zaxxer.hikari.pool.HikariPool        : HikariPool-4 - Added connection com.mysql.cj.jdbc.ConnectionImpl@13eb0600
2024-05-22T14:24:45.437+10:00  INFO 10384 --- [todo] [restartedMain] com.zaxxer.hikari.HikariDataSource       : HikariPool-4 - Start completed.
2024-05-22T14:24:45.679+10:00  INFO 10384 --- [todo] [restartedMain] o.h.e.t.j.p.i.JtaPlatformInitiator       : HHH000489: No JTA platform available (set 'hibernate.transaction.jta.platform' to enable JTA platform integration)
2024-05-22T14:24:45.770+10:00  INFO 10384 --- [todo] [restartedMain] j.LocalContainerEntityManagerFactoryBean : Initialized JPA EntityManagerFactory for persistence unit 'default'
2024-05-22T14:24:46.386+10:00  WARN 10384 --- [todo] [restartedMain] JpaBaseConfiguration$JpaWebConfiguration : spring.jpa.open-in-view is enabled by default. Therefore, database queries may be performed during view rendering. Explicitly configure spring.jpa.open-in-view to disable this warning
2024-05-22T14:24:48.109+10:00  INFO 10384 --- [todo] [restartedMain] o.s.b.d.a.OptionalLiveReloadServer       : LiveReload server is running on port 35729
2024-05-22T14:24:48.180+10:00  INFO 10384 --- [todo] [restartedMain] o.s.b.w.embedded.tomcat.TomcatWebServer  : Tomcat started on port 8080 (http) with context path ''
2024-05-22T14:24:48.237+10:00  INFO 10384 --- [todo] [restartedMain] com.projects.todo.TodoApplication        : Started TodoApplication in 6.74 seconds (process running for 16242.981)
2024-05-22T14:24:48.245+10:00  INFO 10384 --- [todo] [restartedMain] .ConditionEvaluationDeltaLoggingListener : Condition evaluation unchanged
2024-05-22T14:26:38.992+10:00  INFO 10384 --- [todo] [SpringApplicationShutdownHook] j.LocalContainerEntityManagerFactoryBean : Closing JPA EntityManagerFactory for persistence unit 'default'
2024-05-22T14:26:39.147+10:00  INFO 10384 --- [todo] [SpringApplicationShutdownHook] com.zaxxer.hikari.HikariDataSource       : HikariPool-4 - Shutdown initiated...
2024-05-22T14:26:39.293+10:00  INFO 10384 --- [todo] [SpringApplicationShutdownHook] com.zaxxer.hikari.HikariDataSource       : HikariPool-4 - Shutdown completed.
2024-05-22T14:26:45.384+10:00  INFO 24148 --- [todo] [restartedMain] com.projects.todo.TodoApplication        : Starting TodoApplication using Java 22.0.1 with PID 24148 (C:\Users\ammar\Nology\zambia\Projects\todo\target\classes started by ammara in C:\Users\ammar\Nology\zambia\Projects\todo)
2024-05-22T14:26:45.397+10:00  INFO 24148 --- [todo] [restartedMain] com.projects.todo.TodoApplication        : No active profile set, falling back to 1 default profile: "default"
2024-05-22T14:26:45.641+10:00  INFO 24148 --- [todo] [restartedMain] .e.DevToolsPropertyDefaultsPostProcessor : Devtools property defaults active! Set 'spring.devtools.add-properties' to 'false' to disable
2024-05-22T14:26:45.643+10:00  INFO 24148 --- [todo] [restartedMain] .e.DevToolsPropertyDefaultsPostProcessor : For additional web related logging consider setting the 'logging.level.web' property to 'DEBUG'
2024-05-22T14:26:49.149+10:00  INFO 24148 --- [todo] [restartedMain] .s.d.r.c.RepositoryConfigurationDelegate : Bootstrapping Spring Data JPA repositories in DEFAULT mode.
2024-05-22T14:26:49.516+10:00  INFO 24148 --- [todo] [restartedMain] .s.d.r.c.RepositoryConfigurationDelegate : Finished Spring Data repository scanning in 285 ms. Found 1 JPA repository interface.
2024-05-22T14:26:52.256+10:00  INFO 24148 --- [todo] [restartedMain] o.s.b.w.embedded.tomcat.TomcatWebServer  : Tomcat initialized with port 8080 (http)
2024-05-22T14:26:52.333+10:00  INFO 24148 --- [todo] [restartedMain] o.apache.catalina.core.StandardService   : Starting service [Tomcat]
2024-05-22T14:26:52.335+10:00  INFO 24148 --- [todo] [restartedMain] o.apache.catalina.core.StandardEngine    : Starting Servlet engine: [Apache Tomcat/10.1.20]
2024-05-22T14:26:52.630+10:00  INFO 24148 --- [todo] [restartedMain] o.a.c.c.C.[Tomcat].[localhost].[/]       : Initializing Spring embedded WebApplicationContext
2024-05-22T14:26:52.634+10:00  INFO 24148 --- [todo] [restartedMain] w.s.c.ServletWebServerApplicationContext : Root WebApplicationContext: initialization completed in 6988 ms
2024-05-22T14:26:53.485+10:00  INFO 24148 --- [todo] [restartedMain] o.hibernate.jpa.internal.util.LogHelper  : HHH000204: Processing PersistenceUnitInfo [name: default]
2024-05-22T14:26:53.915+10:00  INFO 24148 --- [todo] [restartedMain] org.hibernate.Version                    : HHH000412: Hibernate ORM core version 6.4.4.Final
2024-05-22T14:26:54.169+10:00  INFO 24148 --- [todo] [restartedMain] o.h.c.internal.RegionFactoryInitiator    : HHH000026: Second-level cache disabled
2024-05-22T14:26:55.235+10:00  INFO 24148 --- [todo] [restartedMain] o.s.o.j.p.SpringPersistenceUnitInfo      : No LoadTimeWeaver setup: ignoring JPA class transformer
2024-05-22T14:26:55.386+10:00  INFO 24148 --- [todo] [restartedMain] com.zaxxer.hikari.HikariDataSource       : HikariPool-1 - Starting...
2024-05-22T14:26:56.783+10:00  INFO 24148 --- [todo] [restartedMain] com.zaxxer.hikari.pool.HikariPool        : HikariPool-1 - Added connection com.mysql.cj.jdbc.ConnectionImpl@e018560
2024-05-22T14:26:56.793+10:00  INFO 24148 --- [todo] [restartedMain] com.zaxxer.hikari.HikariDataSource       : HikariPool-1 - Start completed.
2024-05-22T14:27:00.130+10:00  INFO 24148 --- [todo] [restartedMain] o.h.e.t.j.p.i.JtaPlatformInitiator       : HHH000489: No JTA platform available (set 'hibernate.transaction.jta.platform' to enable JTA platform integration)
2024-05-22T14:27:00.320+10:00  INFO 24148 --- [todo] [restartedMain] j.LocalContainerEntityManagerFactoryBean : Initialized JPA EntityManagerFactory for persistence unit 'default'
2024-05-22T14:27:01.742+10:00  WARN 24148 --- [todo] [restartedMain] JpaBaseConfiguration$JpaWebConfiguration : spring.jpa.open-in-view is enabled by default. Therefore, database queries may be performed during view rendering. Explicitly configure spring.jpa.open-in-view to disable this warning
2024-05-22T14:27:04.862+10:00  INFO 24148 --- [todo] [restartedMain] o.s.b.d.a.OptionalLiveReloadServer       : LiveReload server is running on port 35729
2024-05-22T14:27:05.067+10:00  INFO 24148 --- [todo] [restartedMain] o.s.b.w.embedded.tomcat.TomcatWebServer  : Tomcat started on port 8080 (http) with context path ''
2024-05-22T14:27:05.134+10:00  INFO 24148 --- [todo] [restartedMain] com.projects.todo.TodoApplication        : Started TodoApplication in 21.618 seconds (process running for 23.262)
2024-05-22T14:27:15.069+10:00  INFO 24148 --- [todo] [SpringApplicationShutdownHook] j.LocalContainerEntityManagerFactoryBean : Closing JPA EntityManagerFactory for persistence unit 'default'
2024-05-22T14:27:15.079+10:00  INFO 24148 --- [todo] [SpringApplicationShutdownHook] com.zaxxer.hikari.HikariDataSource       : HikariPool-1 - Shutdown initiated...
2024-05-22T14:27:15.121+10:00  INFO 24148 --- [todo] [SpringApplicationShutdownHook] com.zaxxer.hikari.HikariDataSource       : HikariPool-1 - Shutdown completed.
